# JRE version: OpenJDK Runtime Environment Temurin-21.0.10+7 (21.0.10+7) (build 21.0.10+7-LTS)
# Java VM: OpenJDK 64-Bit Server VM Temurin-21.0.10+7 (21.0.10+7-LTS, mixed mode, sharing, tiered, compressed oops, compressed class ptrs, g1 gc, windows-amd64)
GC Precious Log:
 CardTable entry size: 512
 Card Set container configuration: InlinePtr #cards 5 size 8 Array Of Cards #cards 12 size 40 Howl #buckets 4 coarsen threshold 1843 Howl Bitmap #cards 512 size 80 coarsen threshold 460 Card regions per heap region 1 cards per card region 2048
 CPUs: 8 total, 8 available
 Memory: 20218M
 Large Page Support: Disabled
 NUMA Support: Disabled
 Compressed Oops: Enabled (32-bit)
 Heap Region Size: 1M
 Heap Min Capacity: 8M
 Heap Initial Capacity: 316M
 Heap Max Capacity: 2G
 Pre-touch: Disabled
 Parallel Workers: 8
 Concurrent Workers: 2
 Concurrent Refinement Workers: 8
 Periodic GC: Disabled
Heap:
 garbage-first heap   total 296960K, used 236392K [0x0000000080000000, 0x0000000100000000)
  region size 1024K, 69 young (70656K), 7 survivors (7168K)
 Metaspace       used 160296K, committed 163072K, reserved 1245184K
  class space    used 21168K, committed 22528K, reserved 1048576K
GC Heap History (20 events):
Event: 35.495 GC heap before
{Heap before GC invocations=44 (full 0):
 garbage-first heap   total 209920K, used 196322K [0x0000000080000000, 0x0000000100000000)
  region size 1024K, 67 young (68608K), 9 survivors (9216K)
 Metaspace       used 124470K, committed 126784K, reserved 1179648K
  class space    used 16339K, committed 17472K, reserved 1048576K
}
Event: 35.510 GC heap after
{Heap after GC invocations=45 (full 0):
 garbage-first heap   total 219136K, used 135375K [0x0000000080000000, 0x0000000100000000)
  region size 1024K, 9 young (9216K), 9 survivors (9216K)
 Metaspace       used 124470K, committed 126784K, reserved 1179648K
  class space    used 16339K, committed 17472K, reserved 1048576K
}
Event: 36.067 GC heap before
{Heap before GC invocations=45 (full 0):
 garbage-first heap   total 219136K, used 165071K [0x0000000080000000, 0x0000000100000000)
  region size 1024K, 39 young (39936K), 9 survivors (9216K)
 Metaspace       used 124883K, committed 127232K, reserved 1179648K
  class space    used 16346K, committed 17536K, reserved 1048576K
}
Event: 36.075 GC heap after
{Heap after GC invocations=46 (full 0):
 garbage-first heap   total 219136K, used 139972K [0x0000000080000000, 0x0000000100000000)
  region size 1024K, 5 young (5120K), 5 survivors (5120K)
 Metaspace       used 124883K, committed 127232K, reserved 1179648K
  class space    used 16346K, committed 17536K, reserved 1048576K
}
Event: 37.141 GC heap before
{Heap before GC invocations=47 (full 0):
 garbage-first heap   total 240640K, used 201412K [0x0000000080000000, 0x0000000100000000)
  region size 1024K, 60 young (61440K), 5 survivors (5120K)
 Metaspace       used 129115K, committed 131456K, reserved 1179648K
  class space    used 16822K, committed 17984K, reserved 1048576K
}
Event: 37.147 GC heap after
{Heap after GC invocations=48 (full 0):
 garbage-first heap   total 240640K, used 150642K [0x0000000080000000, 0x0000000100000000)
  region size 1024K, 6 young (6144K), 6 survivors (6144K)
 Metaspace       used 129115K, committed 131456K, reserved 1179648K
  class space    used 16822K, committed 17984K, reserved 1048576K
}
Event: 38.304 GC heap before
{Heap before GC invocations=48 (full 0):
 garbage-first heap   total 240640K, used 219250K [0x0000000080000000, 0x0000000100000000)
  region size 1024K, 68 young (69632K), 6 survivors (6144K)
 Metaspace       used 134367K, committed 136896K, reserved 1179648K
  class space    used 17573K, committed 18816K, reserved 1048576K
}
Event: 38.312 GC heap after
{Heap after GC invocations=49 (full 0):
 garbage-first heap   total 240640K, used 155622K [0x0000000080000000, 0x0000000100000000)
  region size 1024K, 6 young (6144K), 6 survivors (6144K)
 Metaspace       used 134367K, committed 136896K, reserved 1179648K
  class space    used 17573K, committed 18816K, reserved 1048576K
}
Event: 39.878 GC heap before
{Heap before GC invocations=49 (full 0):
 garbage-first heap   total 240640K, used 217062K [0x0000000080000000, 0x0000000100000000)
  region size 1024K, 66 young (67584K), 6 survivors (6144K)
 Metaspace       used 139733K, committed 142272K, reserved 1179648K
  class space    used 18256K, committed 19520K, reserved 1048576K
}
Event: 39.885 GC heap after
{Heap after GC invocations=50 (full 0):
 garbage-first heap   total 240640K, used 159031K [0x0000000080000000, 0x0000000100000000)
  region size 1024K, 4 young (4096K), 4 survivors (4096K)
 Metaspace       used 139733K, committed 142272K, reserved 1179648K
  class space    used 18256K, committed 19520K, reserved 1048576K
}
Event: 41.174 GC heap before
{Heap before GC invocations=51 (full 0):
 garbage-first heap   total 270336K, used 222519K [0x0000000080000000, 0x0000000100000000)
  region size 1024K, 64 young (65536K), 4 survivors (4096K)
 Metaspace       used 143988K, committed 146560K, reserved 1179648K
  class space    used 18907K, committed 20224K, reserved 1048576K
}
Event: 41.181 GC heap after
{Heap after GC invocations=52 (full 0):
 garbage-first heap   total 270336K, used 163747K [0x0000000080000000, 0x0000000100000000)
  region size 1024K, 6 young (6144K), 6 survivors (6144K)
 Metaspace       used 143988K, committed 146560K, reserved 1179648K
  class space    used 18907K, committed 20224K, reserved 1048576K
}
Event: 42.292 GC heap before
{Heap before GC invocations=52 (full 0):
 garbage-first heap   total 270336K, used 248739K [0x0000000080000000, 0x0000000100000000)
  region size 1024K, 88 young (90112K), 6 survivors (6144K)
 Metaspace       used 144505K, committed 147072K, reserved 1179648K
  class space    used 18941K, committed 20224K, reserved 1048576K
}
Event: 42.306 GC heap after
{Heap after GC invocations=53 (full 0):
 garbage-first heap   total 270336K, used 166488K [0x0000000080000000, 0x0000000100000000)
  region size 1024K, 11 young (11264K), 11 survivors (11264K)
 Metaspace       used 144505K, committed 147072K, reserved 1179648K
  class space    used 18941K, committed 20224K, reserved 1048576K
}
Event: 43.908 GC heap before
{Heap before GC invocations=53 (full 0):
 garbage-first heap   total 270336K, used 246360K [0x0000000080000000, 0x0000000100000000)
  region size 1024K, 89 young (91136K), 11 survivors (11264K)
 Metaspace       used 145988K, committed 148608K, reserved 1179648K
  class space    used 18978K, committed 20288K, reserved 1048576K
}
Event: 43.921 GC heap after
{Heap after GC invocations=54 (full 0):
 garbage-first heap   total 270336K, used 177622K [0x0000000080000000, 0x0000000100000000)
  region size 1024K, 11 young (11264K), 11 survivors (11264K)
 Metaspace       used 145988K, committed 148608K, reserved 1179648K
  class space    used 18978K, committed 20288K, reserved 1048576K
}
Event: 45.850 GC heap before
{Heap before GC invocations=55 (full 0):
 garbage-first heap   total 296960K, used 248278K [0x0000000080000000, 0x0000000100000000)
  region size 1024K, 79 young (80896K), 11 survivors (11264K)
 Metaspace       used 151388K, committed 154048K, reserved 1245184K
  class space    used 19684K, committed 20992K, reserved 1048576K
}
Event: 45.860 GC heap after
{Heap after GC invocations=56 (full 0):
 garbage-first heap   total 296960K, used 179653K [0x0000000080000000, 0x0000000100000000)
  region size 1024K, 3 young (3072K), 3 survivors (3072K)
 Metaspace       used 151388K, committed 154048K, reserved 1245184K
  class space    used 19684K, committed 20992K, reserved 1048576K
}
Event: 48.010 GC heap before
{Heap before GC invocations=56 (full 0):
 garbage-first heap   total 296960K, used 273861K [0x0000000080000000, 0x0000000100000000)
  region size 1024K, 95 young (97280K), 3 survivors (3072K)
 Metaspace       used 158625K, committed 161344K, reserved 1245184K
  class space    used 20866K, committed 22208K, reserved 1048576K
}
Event: 48.020 GC heap after
{Heap after GC invocations=57 (full 0):
 garbage-first heap   total 296960K, used 173928K [0x0000000080000000, 0x0000000100000000)
  region size 1024K, 7 young (7168K), 7 survivors (7168K)
 Metaspace       used 158625K, committed 161344K, reserved 1245184K
  class space    used 20866K, committed 22208K, reserved 1048576K
}

